Determining if the pthread_create exist failed with the following output:
Change Dir: /home/umichaerolab/Music/robotrepo/Velodyne/build/CMakeFiles/CMakeTmp

Run Build Command:"/usr/bin/make" "cmTC_e34be/fast"
/usr/bin/make -f CMakeFiles/cmTC_e34be.dir/build.make CMakeFiles/cmTC_e34be.dir/build
make[1]: Entering directory '/home/umichaerolab/Music/robotrepo/Velodyne/build/CMakeFiles/CMakeTmp'
Building C object CMakeFiles/cmTC_e34be.dir/CheckSymbolExists.c.o
/usr/bin/cc     -o CMakeFiles/cmTC_e34be.dir/CheckSymbolExists.c.o   -c /home/umichaerolab/Music/robotrepo/Velodyne/build/CMakeFiles/CMakeTmp/CheckSymbolExists.c
Linking C executable cmTC_e34be
/usr/bin/cmake -E cmake_link_script CMakeFiles/cmTC_e34be.dir/link.txt --verbose=1
/usr/bin/cc       CMakeFiles/cmTC_e34be.dir/CheckSymbolExists.c.o  -o cmTC_e34be -rdynamic 
CMakeFiles/cmTC_e34be.dir/CheckSymbolExists.c.o: In function `main':
CheckSymbolExists.c:(.text+0x16): undefined reference to `pthread_create'
collect2: error: ld returned 1 exit status
CMakeFiles/cmTC_e34be.dir/build.make:97: recipe for target 'cmTC_e34be' failed
make[1]: *** [cmTC_e34be] Error 1
make[1]: Leaving directory '/home/umichaerolab/Music/robotrepo/Velodyne/build/CMakeFiles/CMakeTmp'
Makefile:126: recipe for target 'cmTC_e34be/fast' failed
make: *** [cmTC_e34be/fast] Error 2

File /home/umichaerolab/Music/robotrepo/Velodyne/build/CMakeFiles/CMakeTmp/CheckSymbolExists.c:
/* */
#include <pthread.h>

int main(int argc, char** argv)
{
  (void)argv;
#ifndef pthread_create
  return ((int*)(&pthread_create))[argc];
#else
  (void)argc;
  return 0;
#endif
}

Determining if the function pthread_create exists in the pthreads failed with the following output:
Change Dir: /home/umichaerolab/Music/robotrepo/Velodyne/build/CMakeFiles/CMakeTmp

Run Build Command:"/usr/bin/make" "cmTC_dab2d/fast"
/usr/bin/make -f CMakeFiles/cmTC_dab2d.dir/build.make CMakeFiles/cmTC_dab2d.dir/build
make[1]: Entering directory '/home/umichaerolab/Music/robotrepo/Velodyne/build/CMakeFiles/CMakeTmp'
Building C object CMakeFiles/cmTC_dab2d.dir/CheckFunctionExists.c.o
/usr/bin/cc    -DCHECK_FUNCTION_EXISTS=pthread_create   -o CMakeFiles/cmTC_dab2d.dir/CheckFunctionExists.c.o   -c /usr/share/cmake-3.5/Modules/CheckFunctionExists.c
Linking C executable cmTC_dab2d
/usr/bin/cmake -E cmake_link_script CMakeFiles/cmTC_dab2d.dir/link.txt --verbose=1
/usr/bin/cc   -DCHECK_FUNCTION_EXISTS=pthread_create    CMakeFiles/cmTC_dab2d.dir/CheckFunctionExists.c.o  -o cmTC_dab2d -rdynamic -lpthreads 
/usr/bin/ld: cannot find -lpthreads
collect2: error: ld returned 1 exit status
CMakeFiles/cmTC_dab2d.dir/build.make:97: recipe for target 'cmTC_dab2d' failed
make[1]: *** [cmTC_dab2d] Error 1
make[1]: Leaving directory '/home/umichaerolab/Music/robotrepo/Velodyne/build/CMakeFiles/CMakeTmp'
Makefile:126: recipe for target 'cmTC_dab2d/fast' failed
make: *** [cmTC_dab2d/fast] Error 2


