Determining if the pthread_create exist failed with the following output:
Change Dir: /home/wamv/Documents/robotrepo/RobotX_WS/build/CMakeFiles/CMakeTmp

Run Build Command:"/usr/bin/make" "cmTC_d379c/fast"
/usr/bin/make -f CMakeFiles/cmTC_d379c.dir/build.make CMakeFiles/cmTC_d379c.dir/build
make[1]: Entering directory '/home/wamv/Documents/robotrepo/RobotX_WS/build/CMakeFiles/CMakeTmp'
Building C object CMakeFiles/cmTC_d379c.dir/CheckSymbolExists.c.o
/usr/bin/cc     -o CMakeFiles/cmTC_d379c.dir/CheckSymbolExists.c.o   -c /home/wamv/Documents/robotrepo/RobotX_WS/build/CMakeFiles/CMakeTmp/CheckSymbolExists.c
Linking C executable cmTC_d379c
/usr/bin/cmake -E cmake_link_script CMakeFiles/cmTC_d379c.dir/link.txt --verbose=1
/usr/bin/cc       CMakeFiles/cmTC_d379c.dir/CheckSymbolExists.c.o  -o cmTC_d379c -rdynamic 
CMakeFiles/cmTC_d379c.dir/CheckSymbolExists.c.o: In function `main':
CheckSymbolExists.c:(.text+0x16): undefined reference to `pthread_create'
collect2: error: ld returned 1 exit status
CMakeFiles/cmTC_d379c.dir/build.make:97: recipe for target 'cmTC_d379c' failed
make[1]: *** [cmTC_d379c] Error 1
make[1]: Leaving directory '/home/wamv/Documents/robotrepo/RobotX_WS/build/CMakeFiles/CMakeTmp'
Makefile:126: recipe for target 'cmTC_d379c/fast' failed
make: *** [cmTC_d379c/fast] Error 2

File /home/wamv/Documents/robotrepo/RobotX_WS/build/CMakeFiles/CMakeTmp/CheckSymbolExists.c:
/* */
#include <pthread.h>

int main(int argc, char** argv)
{
  (void)argv;
#ifndef pthread_create
  return ((int*)(&pthread_create))[argc];
#else
  (void)argc;
  return 0;
#endif
}

Determining if the function pthread_create exists in the pthreads failed with the following output:
Change Dir: /home/wamv/Documents/robotrepo/RobotX_WS/build/CMakeFiles/CMakeTmp

Run Build Command:"/usr/bin/make" "cmTC_58eeb/fast"
/usr/bin/make -f CMakeFiles/cmTC_58eeb.dir/build.make CMakeFiles/cmTC_58eeb.dir/build
make[1]: Entering directory '/home/wamv/Documents/robotrepo/RobotX_WS/build/CMakeFiles/CMakeTmp'
Building C object CMakeFiles/cmTC_58eeb.dir/CheckFunctionExists.c.o
/usr/bin/cc    -DCHECK_FUNCTION_EXISTS=pthread_create   -o CMakeFiles/cmTC_58eeb.dir/CheckFunctionExists.c.o   -c /usr/share/cmake-3.5/Modules/CheckFunctionExists.c
Linking C executable cmTC_58eeb
/usr/bin/cmake -E cmake_link_script CMakeFiles/cmTC_58eeb.dir/link.txt --verbose=1
/usr/bin/cc   -DCHECK_FUNCTION_EXISTS=pthread_create    CMakeFiles/cmTC_58eeb.dir/CheckFunctionExists.c.o  -o cmTC_58eeb -rdynamic -lpthreads 
/usr/bin/ld: cannot find -lpthreads
collect2: error: ld returned 1 exit status
CMakeFiles/cmTC_58eeb.dir/build.make:97: recipe for target 'cmTC_58eeb' failed
make[1]: *** [cmTC_58eeb] Error 1
make[1]: Leaving directory '/home/wamv/Documents/robotrepo/RobotX_WS/build/CMakeFiles/CMakeTmp'
Makefile:126: recipe for target 'cmTC_58eeb/fast' failed
make: *** [cmTC_58eeb/fast] Error 2


